<?xml version="1.0" encoding="UTF-8"?>
<!-- Generated by org.testng.reporters.JUnitReportReporter -->
<testsuite skipped="0" hostname="shasta" name="com.crm.qa.testcases.ContactsPageTest" tests="1" failures="0" timestamp="02 Jan 2019 07:56:17 GMT" time="26.244" errors="0">
  <testcase name="verifyContactsPageLabel" time="26.244" classname="com.crm.qa.testcases.ContactsPageTest"/>
</testsuite> <!-- com.crm.qa.testcases.ContactsPageTest -->
