<?xml version="1.0" encoding="UTF-8"?>
<!-- Generated by org.testng.reporters.JUnitReportReporter -->
<testsuite skipped="0" hostname="shasta" name="com.crm.qa.testcases.HomePageTest" tests="5" failures="0" timestamp="02 Jan 2019 07:59:30 GMT" time="95.030" errors="0">
  <testcase name="verifyHomePageTitleTest" time="17.198" classname="com.crm.qa.testcases.HomePageTest"/>
  <testcase name="verifyUserNameTest" time="17.633" classname="com.crm.qa.testcases.HomePageTest"/>
  <testcase name="contactsPageTest" time="21.325" classname="com.crm.qa.testcases.HomePageTest"/>
  <testcase name="dealsPageTest" time="18.849" classname="com.crm.qa.testcases.HomePageTest"/>
  <testcase name="tasksPageTest" time="20.025" classname="com.crm.qa.testcases.HomePageTest"/>
</testsuite> <!-- com.crm.qa.testcases.HomePageTest -->
