<?xml version="1.0" encoding="UTF-8"?>
<!-- Generated by org.testng.reporters.JUnitReportReporter -->
<testsuite skipped="1" hostname="shasta" name="com.crm.qa.testcases.LoginPageTest" tests="4" failures="0" timestamp="02 Jan 2019 07:59:30 GMT" time="40.185" errors="0">
  <testcase name="loginPageTitleTest" time="9.924" classname="com.crm.qa.testcases.LoginPageTest"/>
  <testcase name="crmlogoImageTest" time="9.392" classname="com.crm.qa.testcases.LoginPageTest"/>
  <testcase name="loginTest" time="20.869" classname="com.crm.qa.testcases.LoginPageTest"/>
  <testcase name="signUpTest" classname="com.crm.qa.testcases.LoginPageTest">
    <skipped/>
  </testcase> <!-- signUpTest -->
</testsuite> <!-- com.crm.qa.testcases.LoginPageTest -->
