<?xml version="1.0" encoding="UTF-8"?>
<!-- Generated by org.testng.reporters.JUnitReportReporter -->
<testsuite skipped="0" hostname="shasta" name="com.crm.qa.testcases.ContactsPageTest" tests="1" failures="0" timestamp="02 Jan 2019 10:45:02 GMT" time="19.161" errors="0">
  <testcase name="verifyContactsPageLabel" time="19.161" classname="com.crm.qa.testcases.ContactsPageTest"/>
</testsuite> <!-- com.crm.qa.testcases.ContactsPageTest -->
