<?xml version="1.0" encoding="UTF-8"?>
<!-- Generated by org.testng.reporters.JUnitReportReporter -->
<testsuite skipped="1" hostname="shasta" name="com.crm.qa.testcases.LoginPageTest" tests="2" failures="0" timestamp="02 Jan 2019 10:45:02 GMT" time="8.398" errors="0">
  <testcase name="loginPageTitleTest" time="8.398" classname="com.crm.qa.testcases.LoginPageTest"/>
  <testcase name="signUpTest" classname="com.crm.qa.testcases.LoginPageTest">
    <skipped/>
  </testcase> <!-- signUpTest -->
</testsuite> <!-- com.crm.qa.testcases.LoginPageTest -->
